[2026-03-16 02:26:51] === Auto Mail Check Started ===
gws コマンドの実行許可が必要です。実行してよろしいですか？
[2026-03-16 02:28:05] === Auto Mail Check Completed ===

[2026-03-16 02:29:05] === Auto Mail Check Started ===
コマンドの承認が必要です。実行してもよろしいでしょうか？

`gws gmail users messages list` コマンドで受信トレイのメールを取得しようとしています。このコマンドを承認してください。
[2026-03-16 02:29:48] === Auto Mail Check Completed ===

[2026-03-16 02:30:48] === Auto Mail Check Started ===
[2026-03-16 02:32:22] === Auto Mail Check Completed ===

[2026-03-16 02:33:22] === Auto Mail Check Started ===
[2026-03-16 02:37:33] ========================================
[2026-03-16 02:37:33] メール自動処理を開始
[2026-03-16 02:37:33] Phase 1: 指示処理
[2026-03-16 02:37:33] - M001_テスト様: テストデータ → processed移動
[2026-03-16 02:37:33] Phase 2: 新着メール処理
[2026-03-16 02:37:33] - 未読メール: 5件検出
[2026-03-16 02:37:33] - マネーフォワード ログイン通知 ×4 → ゴミ箱
[2026-03-16 02:37:33] - GitHub Actions失敗通知 → システム関連ラベル付与
[2026-03-16 02:37:33] Phase 3: サマリー通知
[2026-03-16 02:37:33] - Discord通知完了
[2026-03-16 02:37:33] 処理完了: 5件処理、0件承認待ち
[2026-03-16 02:37:33] ========================================
╔══════════════════════════════════════════════════════════════╗
║  🎮 LTSグループ AI社員システム - ミッション完了             ║
╚══════════════════════════════════════════════════════════════╝

┌─────────────────────────────────────────────────────────────┐
│ 🏢 オフィスマップ                                            │
│                                                              │
│  👤オーナー    [社長室]     [経営企画]    [マーケ]   [IT]   │
│    ║            🤖          📊          📣        🔧     │
│    ╚═══════►  完了✅       待機中      待機中     待機中   │
└─────────────────────────────────────────────────────────────┘

┌─────────────────────────────────────────────────────────────┐
│ 💬 コミュニケーションログ                                    │
├─────────────────────────────────────────────────────────────┤
│ 👤 オーナー → 🤖 社長: 「メール自動処理を実行」             │
│ 🤖 社長: Phase 1 - テストスレッド1件をprocessedへ移動       │
│ 🤖 社長: Phase 2 - 未読メール5件を検出・自動処理            │
│ 🤖 社長: Phase 3 - Discord通知・ログ記録完了                │
│ 🤖 社長 → 👤 オーナー: 「処理完了しました」                 │
└─────────────────────────────────────────────────────────────┘

┌─────────────────────────────────────────────────────────────┐
│ 🎯 ミッション完了                                            │
│                                                              │
│  [1] 初期化・設定読み込み     ✅ 完了                        │
│  [2] Phase 1: 指示処理        ✅ 完了                        │
│  [3] Phase 2: 新着メール処理  ✅ 完了                        │
│  [4] Phase 3: サマリー通知    ✅ 完了                        │
│                                                              │
│  全体進捗: ██████████ 100%                                  │
└─────────────────────────────────────────────────────────────┘

## 処理結果サマリー

| 項目 | 件数 | 内容 |
|------|------|------|
| **ゴミ箱移動** | 4件 | マネーフォワード ログイン通知（セキュリティ自動通知） |
| **ラベル付与** | 1件 | GitHub Actions失敗通知 → 「システム関連」 |
| **承認待ち** | 0件 | - |
| **保留中** | 0件 | - |

Discordチャンネルに処理レポートを送信済みです。
[2026-03-16 02:37:58] === Auto Mail Check Completed ===

[2026-03-16 02:38:58] === Auto Mail Check Started ===
